<?xml version="1.0" encoding="UTF-8"?>
<testsuite xmlns:xsi="http://www.w3.org/2001/XMLSchema-instance" xsi:noNamespaceSchemaLocation="https://maven.apache.org/surefire/maven-surefire-plugin/xsd/surefire-test-report.xsd" name="com.book.backend.SparkClientTest" time="63.491" tests="3" errors="1" skipped="0" failures="0">
  <properties>
    <property name="java.specification.version" value="17"/>
    <property name="sun.jnu.encoding" value="UTF-8"/>
    <property name="java.class.path" value="/Users/sanctuary/IdeaProjects/vue_-book-manage-system_backend/target/test-classes:/Users/sanctuary/IdeaProjects/vue_-book-manage-system_backend/target/classes:/Users/sanctuary/mavenRepo/org/springframework/boot/spring-boot-starter-web/2.7.8/spring-boot-starter-web-2.7.8.jar:/Users/sanctuary/mavenRepo/org/springframework/boot/spring-boot-starter/2.7.8/spring-boot-starter-2.7.8.jar:/Users/sanctuary/mavenRepo/org/springframework/boot/spring-boot/2.7.8/spring-boot-2.7.8.jar:/Users/sanctuary/mavenRepo/org/springframework/boot/spring-boot-starter-logging/2.7.8/spring-boot-starter-logging-2.7.8.jar:/Users/sanctuary/mavenRepo/ch/qos/logback/logback-classic/1.2.11/logback-classic-1.2.11.jar:/Users/sanctuary/mavenRepo/ch/qos/logback/logback-core/1.2.11/logback-core-1.2.11.jar:/Users/sanctuary/mavenRepo/org/apache/logging/log4j/log4j-to-slf4j/2.17.2/log4j-to-slf4j-2.17.2.jar:/Users/sanctuary/mavenRepo/org/apache/logging/log4j/log4j-api/2.17.2/log4j-api-2.17.2.jar:/Users/sanctuary/mavenRepo/org/slf4j/jul-to-slf4j/1.7.36/jul-to-slf4j-1.7.36.jar:/Users/sanctuary/mavenRepo/jakarta/annotation/jakarta.annotation-api/1.3.5/jakarta.annotation-api-1.3.5.jar:/Users/sanctuary/mavenRepo/org/yaml/snakeyaml/1.30/snakeyaml-1.30.jar:/Users/sanctuary/mavenRepo/org/springframework/boot/spring-boot-starter-json/2.7.8/spring-boot-starter-json-2.7.8.jar:/Users/sanctuary/mavenRepo/com/fasterxml/jackson/datatype/jackson-datatype-jdk8/2.13.4/jackson-datatype-jdk8-2.13.4.jar:/Users/sanctuary/mavenRepo/com/fasterxml/jackson/datatype/jackson-datatype-jsr310/2.13.4/jackson-datatype-jsr310-2.13.4.jar:/Users/sanctuary/mavenRepo/com/fasterxml/jackson/module/jackson-module-parameter-names/2.13.4/jackson-module-parameter-names-2.13.4.jar:/Users/sanctuary/mavenRepo/org/springframework/boot/spring-boot-starter-tomcat/2.7.8/spring-boot-starter-tomcat-2.7.8.jar:/Users/sanctuary/mavenRepo/org/apache/tomcat/embed/tomcat-embed-core/9.0.71/tomcat-embed-core-9.0.71.jar:/Users/sanctuary/mavenRepo/org/apache/tomcat/embed/tomcat-embed-el/9.0.71/tomcat-embed-el-9.0.71.jar:/Users/sanctuary/mavenRepo/org/apache/tomcat/embed/tomcat-embed-websocket/9.0.71/tomcat-embed-websocket-9.0.71.jar:/Users/sanctuary/mavenRepo/org/springframework/spring-web/5.3.25/spring-web-5.3.25.jar:/Users/sanctuary/mavenRepo/org/springframework/spring-beans/5.3.25/spring-beans-5.3.25.jar:/Users/sanctuary/mavenRepo/org/springframework/spring-webmvc/5.3.25/spring-webmvc-5.3.25.jar:/Users/sanctuary/mavenRepo/org/springframework/spring-aop/5.3.25/spring-aop-5.3.25.jar:/Users/sanctuary/mavenRepo/org/springframework/spring-context/5.3.25/spring-context-5.3.25.jar:/Users/sanctuary/mavenRepo/org/springframework/spring-expression/5.3.25/spring-expression-5.3.25.jar:/Users/sanctuary/mavenRepo/mysql/mysql-connector-java/8.0.23/mysql-connector-java-8.0.23.jar:/Users/sanctuary/mavenRepo/com/google/protobuf/protobuf-java/3.11.4/protobuf-java-3.11.4.jar:/Users/sanctuary/mavenRepo/org/springframework/boot/spring-boot-configuration-processor/2.7.8/spring-boot-configuration-processor-2.7.8.jar:/Users/sanctuary/mavenRepo/org/projectlombok/lombok/1.18.24/lombok-1.18.24.jar:/Users/sanctuary/mavenRepo/org/springframework/boot/spring-boot-starter-test/2.7.8/spring-boot-starter-test-2.7.8.jar:/Users/sanctuary/mavenRepo/org/springframework/boot/spring-boot-test/2.7.8/spring-boot-test-2.7.8.jar:/Users/sanctuary/mavenRepo/org/springframework/boot/spring-boot-test-autoconfigure/2.7.8/spring-boot-test-autoconfigure-2.7.8.jar:/Users/sanctuary/mavenRepo/com/jayway/jsonpath/json-path/2.7.0/json-path-2.7.0.jar:/Users/sanctuary/mavenRepo/net/minidev/json-smart/2.4.8/json-smart-2.4.8.jar:/Users/sanctuary/mavenRepo/net/minidev/accessors-smart/2.4.8/accessors-smart-2.4.8.jar:/Users/sanctuary/mavenRepo/org/ow2/asm/asm/9.1/asm-9.1.jar:/Users/sanctuary/mavenRepo/jakarta/xml/bind/jakarta.xml.bind-api/2.3.3/jakarta.xml.bind-api-2.3.3.jar:/Users/sanctuary/mavenRepo/jakarta/activation/jakarta.activation-api/1.2.2/jakarta.activation-api-1.2.2.jar:/Users/sanctuary/mavenRepo/org/assertj/assertj-core/3.22.0/assertj-core-3.22.0.jar:/Users/sanctuary/mavenRepo/org/hamcrest/hamcrest/2.2/hamcrest-2.2.jar:/Users/sanctuary/mavenRepo/org/junit/jupiter/junit-jupiter/5.8.2/junit-jupiter-5.8.2.jar:/Users/sanctuary/mavenRepo/org/junit/jupiter/junit-jupiter-api/5.8.2/junit-jupiter-api-5.8.2.jar:/Users/sanctuary/mavenRepo/org/opentest4j/opentest4j/1.2.0/opentest4j-1.2.0.jar:/Users/sanctuary/mavenRepo/org/junit/platform/junit-platform-commons/1.8.2/junit-platform-commons-1.8.2.jar:/Users/sanctuary/mavenRepo/org/apiguardian/apiguardian-api/1.1.2/apiguardian-api-1.1.2.jar:/Users/sanctuary/mavenRepo/org/junit/jupiter/junit-jupiter-params/5.8.2/junit-jupiter-params-5.8.2.jar:/Users/sanctuary/mavenRepo/org/junit/jupiter/junit-jupiter-engine/5.8.2/junit-jupiter-engine-5.8.2.jar:/Users/sanctuary/mavenRepo/org/junit/platform/junit-platform-engine/1.8.2/junit-platform-engine-1.8.2.jar:/Users/sanctuary/mavenRepo/org/mockito/mockito-core/4.5.1/mockito-core-4.5.1.jar:/Users/sanctuary/mavenRepo/net/bytebuddy/byte-buddy-agent/1.12.22/byte-buddy-agent-1.12.22.jar:/Users/sanctuary/mavenRepo/org/objenesis/objenesis/3.2/objenesis-3.2.jar:/Users/sanctuary/mavenRepo/org/mockito/mockito-junit-jupiter/4.5.1/mockito-junit-jupiter-4.5.1.jar:/Users/sanctuary/mavenRepo/org/skyscreamer/jsonassert/1.5.1/jsonassert-1.5.1.jar:/Users/sanctuary/mavenRepo/com/vaadin/external/google/android-json/0.0.20131108.vaadin1/android-json-0.0.20131108.vaadin1.jar:/Users/sanctuary/mavenRepo/org/springframework/spring-core/5.3.25/spring-core-5.3.25.jar:/Users/sanctuary/mavenRepo/org/springframework/spring-jcl/5.3.25/spring-jcl-5.3.25.jar:/Users/sanctuary/mavenRepo/org/springframework/spring-test/5.3.25/spring-test-5.3.25.jar:/Users/sanctuary/mavenRepo/org/xmlunit/xmlunit-core/2.9.1/xmlunit-core-2.9.1.jar:/Users/sanctuary/mavenRepo/com/baomidou/mybatis-plus-boot-starter/3.5.1/mybatis-plus-boot-starter-3.5.1.jar:/Users/sanctuary/mavenRepo/com/baomidou/mybatis-plus/3.5.1/mybatis-plus-3.5.1.jar:/Users/sanctuary/mavenRepo/com/baomidou/mybatis-plus-extension/3.5.1/mybatis-plus-extension-3.5.1.jar:/Users/sanctuary/mavenRepo/com/baomidou/mybatis-plus-core/3.5.1/mybatis-plus-core-3.5.1.jar:/Users/sanctuary/mavenRepo/com/baomidou/mybatis-plus-annotation/3.5.1/mybatis-plus-annotation-3.5.1.jar:/Users/sanctuary/mavenRepo/com/github/jsqlparser/jsqlparser/4.3/jsqlparser-4.3.jar:/Users/sanctuary/mavenRepo/org/mybatis/mybatis/3.5.9/mybatis-3.5.9.jar:/Users/sanctuary/mavenRepo/org/mybatis/mybatis-spring/2.0.6/mybatis-spring-2.0.6.jar:/Users/sanctuary/mavenRepo/org/springframework/boot/spring-boot-autoconfigure/2.7.8/spring-boot-autoconfigure-2.7.8.jar:/Users/sanctuary/mavenRepo/org/springframework/boot/spring-boot-starter-jdbc/2.7.8/spring-boot-starter-jdbc-2.7.8.jar:/Users/sanctuary/mavenRepo/com/zaxxer/HikariCP/4.0.3/HikariCP-4.0.3.jar:/Users/sanctuary/mavenRepo/org/springframework/spring-jdbc/5.3.25/spring-jdbc-5.3.25.jar:/Users/sanctuary/mavenRepo/com/baomidou/mybatis-plus-generator/3.5.1/mybatis-plus-generator-3.5.1.jar:/Users/sanctuary/mavenRepo/io/jsonwebtoken/jjwt/0.9.0/jjwt-0.9.0.jar:/Users/sanctuary/mavenRepo/com/alibaba/fastjson/1.2.67/fastjson-1.2.67.jar:/Users/sanctuary/mavenRepo/com/google/code/gson/gson/2.8.5/gson-2.8.5.jar:/Users/sanctuary/mavenRepo/org/java-websocket/Java-WebSocket/1.3.8/Java-WebSocket-1.3.8.jar:/Users/sanctuary/mavenRepo/com/squareup/okhttp3/okhttp/4.12.0/okhttp-4.12.0.jar:/Users/sanctuary/mavenRepo/org/jetbrains/kotlin/kotlin-stdlib-jdk8/1.6.21/kotlin-stdlib-jdk8-1.6.21.jar:/Users/sanctuary/mavenRepo/org/jetbrains/kotlin/kotlin-stdlib-jdk7/1.6.21/kotlin-stdlib-jdk7-1.6.21.jar:/Users/sanctuary/mavenRepo/com/squareup/okio/okio/2.10.0/okio-2.10.0.jar:/Users/sanctuary/mavenRepo/org/jetbrains/kotlin/kotlin-stdlib/1.6.21/kotlin-stdlib-1.6.21.jar:/Users/sanctuary/mavenRepo/org/jetbrains/kotlin/kotlin-stdlib-common/1.6.21/kotlin-stdlib-common-1.6.21.jar:/Users/sanctuary/mavenRepo/cn/hutool/hutool-all/5.8.11/hutool-all-5.8.11.jar:/Users/sanctuary/mavenRepo/com/github/xiaoymin/knife4j-openapi2-spring-boot-starter/4.0.0/knife4j-openapi2-spring-boot-starter-4.0.0.jar:/Users/sanctuary/mavenRepo/com/github/xiaoymin/knife4j-core/4.0.0/knife4j-core-4.0.0.jar:/Users/sanctuary/mavenRepo/com/github/xiaoymin/knife4j-openapi2-ui/4.0.0/knife4j-openapi2-ui-4.0.0.jar:/Users/sanctuary/mavenRepo/org/javassist/javassist/3.25.0-GA/javassist-3.25.0-GA.jar:/Users/sanctuary/mavenRepo/io/springfox/springfox-swagger2/2.10.5/springfox-swagger2-2.10.5.jar:/Users/sanctuary/mavenRepo/io/springfox/springfox-spi/2.10.5/springfox-spi-2.10.5.jar:/Users/sanctuary/mavenRepo/io/springfox/springfox-core/2.10.5/springfox-core-2.10.5.jar:/Users/sanctuary/mavenRepo/io/springfox/springfox-schema/2.10.5/springfox-schema-2.10.5.jar:/Users/sanctuary/mavenRepo/io/springfox/springfox-swagger-common/2.10.5/springfox-swagger-common-2.10.5.jar:/Users/sanctuary/mavenRepo/io/springfox/springfox-spring-web/2.10.5/springfox-spring-web-2.10.5.jar:/Users/sanctuary/mavenRepo/io/github/classgraph/classgraph/4.1.7/classgraph-4.1.7.jar:/Users/sanctuary/mavenRepo/com/fasterxml/classmate/1.5.1/classmate-1.5.1.jar:/Users/sanctuary/mavenRepo/org/springframework/plugin/spring-plugin-core/2.0.0.RELEASE/spring-plugin-core-2.0.0.RELEASE.jar:/Users/sanctuary/mavenRepo/org/springframework/plugin/spring-plugin-metadata/2.0.0.RELEASE/spring-plugin-metadata-2.0.0.RELEASE.jar:/Users/sanctuary/mavenRepo/org/mapstruct/mapstruct/1.3.1.Final/mapstruct-1.3.1.Final.jar:/Users/sanctuary/mavenRepo/io/swagger/swagger-models/1.6.6/swagger-models-1.6.6.jar:/Users/sanctuary/mavenRepo/io/swagger/swagger-annotations/1.6.6/swagger-annotations-1.6.6.jar:/Users/sanctuary/mavenRepo/io/springfox/springfox-bean-validators/2.10.5/springfox-bean-validators-2.10.5.jar:/Users/sanctuary/mavenRepo/io/springfox/springfox-spring-webmvc/2.10.5/springfox-spring-webmvc-2.10.5.jar:/Users/sanctuary/mavenRepo/org/jsoup/jsoup/1.15.3/jsoup-1.15.3.jar:/Users/sanctuary/mavenRepo/org/apache/commons/commons-lang3/3.12.0/commons-lang3-3.12.0.jar:/Users/sanctuary/mavenRepo/com/alibaba/easyexcel/3.1.1/easyexcel-3.1.1.jar:/Users/sanctuary/mavenRepo/com/alibaba/easyexcel-core/3.1.1/easyexcel-core-3.1.1.jar:/Users/sanctuary/mavenRepo/com/alibaba/easyexcel-support/3.1.1/easyexcel-support-3.1.1.jar:/Users/sanctuary/mavenRepo/org/apache/poi/poi/4.1.2/poi-4.1.2.jar:/Users/sanctuary/mavenRepo/commons-codec/commons-codec/1.15/commons-codec-1.15.jar:/Users/sanctuary/mavenRepo/org/apache/commons/commons-collections4/4.4/commons-collections4-4.4.jar:/Users/sanctuary/mavenRepo/com/zaxxer/SparseBitSet/1.2/SparseBitSet-1.2.jar:/Users/sanctuary/mavenRepo/org/apache/poi/poi-ooxml/4.1.2/poi-ooxml-4.1.2.jar:/Users/sanctuary/mavenRepo/org/apache/commons/commons-compress/1.19/commons-compress-1.19.jar:/Users/sanctuary/mavenRepo/com/github/virtuald/curvesapi/1.06/curvesapi-1.06.jar:/Users/sanctuary/mavenRepo/org/apache/poi/poi-ooxml-schemas/4.1.2/poi-ooxml-schemas-4.1.2.jar:/Users/sanctuary/mavenRepo/org/apache/xmlbeans/xmlbeans/3.1.0/xmlbeans-3.1.0.jar:/Users/sanctuary/mavenRepo/org/apache/commons/commons-csv/1.8/commons-csv-1.8.jar:/Users/sanctuary/mavenRepo/org/ehcache/ehcache/3.10.8/ehcache-3.10.8.jar:/Users/sanctuary/mavenRepo/org/glassfish/jaxb/jaxb-runtime/2.3.7/jaxb-runtime-2.3.7.jar:/Users/sanctuary/mavenRepo/org/glassfish/jaxb/txw2/2.3.7/txw2-2.3.7.jar:/Users/sanctuary/mavenRepo/com/sun/istack/istack-commons-runtime/3.0.12/istack-commons-runtime-3.0.12.jar:/Users/sanctuary/mavenRepo/com/sun/activation/jakarta.activation/1.2.2/jakarta.activation-1.2.2.jar:/Users/sanctuary/mavenRepo/org/slf4j/slf4j-api/1.7.36/slf4j-api-1.7.36.jar:/Users/sanctuary/mavenRepo/com/yucongming/yucongming-java-sdk/0.0.3/yucongming-java-sdk-0.0.3.jar:/Users/sanctuary/mavenRepo/com/google/guava/guava/30.1-jre/guava-30.1-jre.jar:/Users/sanctuary/mavenRepo/com/google/guava/failureaccess/1.0.1/failureaccess-1.0.1.jar:/Users/sanctuary/mavenRepo/com/google/guava/listenablefuture/9999.0-empty-to-avoid-conflict-with-guava/listenablefuture-9999.0-empty-to-avoid-conflict-with-guava.jar:/Users/sanctuary/mavenRepo/com/google/code/findbugs/jsr305/3.0.2/jsr305-3.0.2.jar:/Users/sanctuary/mavenRepo/org/checkerframework/checker-qual/3.5.0/checker-qual-3.5.0.jar:/Users/sanctuary/mavenRepo/com/google/errorprone/error_prone_annotations/2.3.4/error_prone_annotations-2.3.4.jar:/Users/sanctuary/mavenRepo/com/google/j2objc/j2objc-annotations/1.3/j2objc-annotations-1.3.jar:/Users/sanctuary/mavenRepo/org/redisson/redisson/3.21.3/redisson-3.21.3.jar:/Users/sanctuary/mavenRepo/io/netty/netty-common/4.1.87.Final/netty-common-4.1.87.Final.jar:/Users/sanctuary/mavenRepo/io/netty/netty-codec/4.1.87.Final/netty-codec-4.1.87.Final.jar:/Users/sanctuary/mavenRepo/io/netty/netty-buffer/4.1.87.Final/netty-buffer-4.1.87.Final.jar:/Users/sanctuary/mavenRepo/io/netty/netty-transport/4.1.87.Final/netty-transport-4.1.87.Final.jar:/Users/sanctuary/mavenRepo/io/netty/netty-resolver/4.1.87.Final/netty-resolver-4.1.87.Final.jar:/Users/sanctuary/mavenRepo/io/netty/netty-resolver-dns/4.1.87.Final/netty-resolver-dns-4.1.87.Final.jar:/Users/sanctuary/mavenRepo/io/netty/netty-codec-dns/4.1.87.Final/netty-codec-dns-4.1.87.Final.jar:/Users/sanctuary/mavenRepo/io/netty/netty-handler/4.1.87.Final/netty-handler-4.1.87.Final.jar:/Users/sanctuary/mavenRepo/io/netty/netty-transport-native-unix-common/4.1.87.Final/netty-transport-native-unix-common-4.1.87.Final.jar:/Users/sanctuary/mavenRepo/javax/cache/cache-api/1.1.1/cache-api-1.1.1.jar:/Users/sanctuary/mavenRepo/io/projectreactor/reactor-core/3.4.26/reactor-core-3.4.26.jar:/Users/sanctuary/mavenRepo/org/reactivestreams/reactive-streams/1.0.4/reactive-streams-1.0.4.jar:/Users/sanctuary/mavenRepo/io/reactivex/rxjava3/rxjava/3.1.6/rxjava-3.1.6.jar:/Users/sanctuary/mavenRepo/org/jboss/marshalling/jboss-marshalling/2.0.11.Final/jboss-marshalling-2.0.11.Final.jar:/Users/sanctuary/mavenRepo/org/jboss/marshalling/jboss-marshalling-river/2.0.11.Final/jboss-marshalling-river-2.0.11.Final.jar:/Users/sanctuary/mavenRepo/com/esotericsoftware/kryo/5.5.0/kryo-5.5.0.jar:/Users/sanctuary/mavenRepo/com/esotericsoftware/reflectasm/1.11.9/reflectasm-1.11.9.jar:/Users/sanctuary/mavenRepo/com/esotericsoftware/minlog/1.3.1/minlog-1.3.1.jar:/Users/sanctuary/mavenRepo/com/fasterxml/jackson/core/jackson-annotations/2.13.4/jackson-annotations-2.13.4.jar:/Users/sanctuary/mavenRepo/com/fasterxml/jackson/dataformat/jackson-dataformat-yaml/2.13.4/jackson-dataformat-yaml-2.13.4.jar:/Users/sanctuary/mavenRepo/com/fasterxml/jackson/core/jackson-core/2.13.4/jackson-core-2.13.4.jar:/Users/sanctuary/mavenRepo/net/bytebuddy/byte-buddy/1.12.22/byte-buddy-1.12.22.jar:/Users/sanctuary/mavenRepo/org/jodd/jodd-bean/5.1.6/jodd-bean-5.1.6.jar:/Users/sanctuary/mavenRepo/org/jodd/jodd-core/5.1.6/jodd-core-5.1.6.jar:/Users/sanctuary/mavenRepo/com/fasterxml/jackson/core/jackson-databind/2.12.7/jackson-databind-2.12.7.jar:/Users/sanctuary/mavenRepo/com/aliyun/broadscope-bailian-sdk-java/1.1.7/broadscope-bailian-sdk-java-1.1.7.jar:/Users/sanctuary/mavenRepo/com/aliyun/bailian20230601/1.1.2/bailian20230601-1.1.2.jar:/Users/sanctuary/mavenRepo/com/aliyun/tea-util/0.2.20/tea-util-0.2.20.jar:/Users/sanctuary/mavenRepo/com/aliyun/tea-openapi/0.2.8/tea-openapi-0.2.8.jar:/Users/sanctuary/mavenRepo/com/aliyun/credentials-java/0.2.4/credentials-java-0.2.4.jar:/Users/sanctuary/mavenRepo/org/ini4j/ini4j/0.5.4/ini4j-0.5.4.jar:/Users/sanctuary/mavenRepo/javax/xml/bind/jaxb-api/2.3.1/jaxb-api-2.3.1.jar:/Users/sanctuary/mavenRepo/javax/activation/javax.activation-api/1.2.0/javax.activation-api-1.2.0.jar:/Users/sanctuary/mavenRepo/com/sun/xml/bind/jaxb-core/2.3.0/jaxb-core-2.3.0.jar:/Users/sanctuary/mavenRepo/com/sun/xml/bind/jaxb-impl/2.3.0/jaxb-impl-2.3.0.jar:/Users/sanctuary/mavenRepo/com/aliyun/alibabacloud-gateway-spi/0.0.1/alibabacloud-gateway-spi-0.0.1.jar:/Users/sanctuary/mavenRepo/com/aliyun/tea-xml/0.1.5/tea-xml-0.1.5.jar:/Users/sanctuary/mavenRepo/org/dom4j/dom4j/2.0.3/dom4j-2.0.3.jar:/Users/sanctuary/mavenRepo/org/jacoco/org.jacoco.agent/0.8.4/org.jacoco.agent-0.8.4-runtime.jar:/Users/sanctuary/mavenRepo/com/aliyun/openapiutil/0.2.1/openapiutil-0.2.1.jar:/Users/sanctuary/mavenRepo/org/bouncycastle/bcpkix-jdk15on/1.70/bcpkix-jdk15on-1.70.jar:/Users/sanctuary/mavenRepo/org/bouncycastle/bcprov-jdk15on/1.70/bcprov-jdk15on-1.70.jar:/Users/sanctuary/mavenRepo/org/bouncycastle/bcutil-jdk15on/1.70/bcutil-jdk15on-1.70.jar:/Users/sanctuary/mavenRepo/com/aliyun/endpoint-util/0.0.7/endpoint-util-0.0.7.jar:/Users/sanctuary/mavenRepo/com/aliyun/tea/1.2.7/tea-1.2.7.jar:/Users/sanctuary/mavenRepo/com/squareup/okhttp3/okhttp-sse/4.9.3/okhttp-sse-4.9.3.jar:/Users/sanctuary/mavenRepo/org/jetbrains/annotations/23.0.0/annotations-23.0.0.jar:/Users/sanctuary/mavenRepo/org/springframework/boot/spring-boot-starter-data-redis/2.7.8/spring-boot-starter-data-redis-2.7.8.jar:/Users/sanctuary/mavenRepo/org/springframework/data/spring-data-redis/2.7.7/spring-data-redis-2.7.7.jar:/Users/sanctuary/mavenRepo/org/springframework/data/spring-data-keyvalue/2.7.7/spring-data-keyvalue-2.7.7.jar:/Users/sanctuary/mavenRepo/org/springframework/data/spring-data-commons/2.7.7/spring-data-commons-2.7.7.jar:/Users/sanctuary/mavenRepo/org/springframework/spring-tx/5.3.25/spring-tx-5.3.25.jar:/Users/sanctuary/mavenRepo/org/springframework/spring-oxm/5.3.25/spring-oxm-5.3.25.jar:/Users/sanctuary/mavenRepo/org/springframework/spring-context-support/5.3.25/spring-context-support-5.3.25.jar:/Users/sanctuary/mavenRepo/io/lettuce/lettuce-core/6.1.10.RELEASE/lettuce-core-6.1.10.RELEASE.jar:/Users/sanctuary/mavenRepo/org/apache/commons/commons-pool2/2.11.1/commons-pool2-2.11.1.jar:/Users/sanctuary/mavenRepo/org/springframework/boot/spring-boot-starter-websocket/2.7.8/spring-boot-starter-websocket-2.7.8.jar:/Users/sanctuary/mavenRepo/org/springframework/spring-messaging/5.3.25/spring-messaging-5.3.25.jar:/Users/sanctuary/mavenRepo/org/springframework/spring-websocket/5.3.25/spring-websocket-5.3.25.jar:/Users/sanctuary/mavenRepo/org/openjdk/jmh/jmh-core/1.23/jmh-core-1.23.jar:/Users/sanctuary/mavenRepo/net/sf/jopt-simple/jopt-simple/4.6/jopt-simple-4.6.jar:/Users/sanctuary/mavenRepo/org/apache/commons/commons-math3/3.2/commons-math3-3.2.jar:/Users/sanctuary/mavenRepo/org/openjdk/jmh/jmh-generator-annprocess/1.23/jmh-generator-annprocess-1.23.jar:/Users/sanctuary/mavenRepo/com/theokanning/openai-gpt3-java/client/0.12.0/client-0.12.0.jar:/Users/sanctuary/mavenRepo/com/theokanning/openai-gpt3-java/api/0.12.0/api-0.12.0.jar:/Users/sanctuary/mavenRepo/com/squareup/retrofit2/retrofit/2.9.0/retrofit-2.9.0.jar:/Users/sanctuary/mavenRepo/com/squareup/retrofit2/adapter-rxjava2/2.9.0/adapter-rxjava2-2.9.0.jar:/Users/sanctuary/mavenRepo/com/squareup/retrofit2/converter-jackson/2.9.0/converter-jackson-2.9.0.jar:/Users/sanctuary/mavenRepo/com/alibaba/dashscope-sdk-java/2.15.1/dashscope-sdk-java-2.15.1.jar:/Users/sanctuary/mavenRepo/io/reactivex/rxjava2/rxjava/2.2.21/rxjava-2.2.21.jar:/Users/sanctuary/mavenRepo/org/slf4j/slf4j-simple/1.7.36/slf4j-simple-1.7.36.jar:/Users/sanctuary/mavenRepo/com/squareup/okhttp3/logging-interceptor/4.9.3/logging-interceptor-4.9.3.jar:/Users/sanctuary/mavenRepo/com/github/victools/jsonschema-generator/4.31.1/jsonschema-generator-4.31.1.jar:/Users/sanctuary/mavenRepo/com/openai/openai-java/0.32.0/openai-java-0.32.0.jar:/Users/sanctuary/mavenRepo/com/openai/openai-java-client-okhttp/0.32.0/openai-java-client-okhttp-0.32.0.jar:/Users/sanctuary/mavenRepo/com/openai/openai-java-core/0.32.0/openai-java-core-0.32.0.jar:/Users/sanctuary/mavenRepo/com/fasterxml/jackson/module/jackson-module-kotlin/2.13.4/jackson-module-kotlin-2.13.4.jar:/Users/sanctuary/mavenRepo/org/jetbrains/kotlin/kotlin-reflect/1.6.21/kotlin-reflect-1.6.21.jar:/Users/sanctuary/mavenRepo/org/apache/httpcomponents/core5/httpcore5/5.1.5/httpcore5-5.1.5.jar:/Users/sanctuary/mavenRepo/org/apache/httpcomponents/client5/httpclient5/5.1.4/httpclient5-5.1.4.jar:/Users/sanctuary/mavenRepo/org/apache/httpcomponents/core5/httpcore5-h2/5.1.5/httpcore5-h2-5.1.5.jar:/Users/sanctuary/mavenRepo/junit/junit/4.13.2/junit-4.13.2.jar:/Users/sanctuary/mavenRepo/org/hamcrest/hamcrest-core/2.2/hamcrest-core-2.2.jar:"/>
    <property name="java.vm.vendor" value="Eclipse Adoptium"/>
    <property name="sun.arch.data.model" value="64"/>
    <property name="java.vendor.url" value="https://adoptium.net/"/>
    <property name="os.name" value="Mac OS X"/>
    <property name="java.vm.specification.version" value="17"/>
    <property name="sun.java.launcher" value="SUN_STANDARD"/>
    <property name="user.country" value="CN"/>
    <property name="sun.boot.library.path" value="/Library/Java/JavaVirtualMachines/temurin-17.jdk/Contents/Home/lib"/>
    <property name="sun.java.command" value="/Users/sanctuary/IdeaProjects/vue_-book-manage-system_backend/target/surefire/surefirebooter8891505116522323178.jar /Users/sanctuary/IdeaProjects/vue_-book-manage-system_backend/target/surefire 2025-05-03T15-36-48_013-jvmRun1 surefire8178142471717518506tmp surefire_04499434010111215232tmp"/>
    <property name="jdk.debug" value="release"/>
    <property name="surefire.test.class.path" value="/Users/sanctuary/IdeaProjects/vue_-book-manage-system_backend/target/test-classes:/Users/sanctuary/IdeaProjects/vue_-book-manage-system_backend/target/classes:/Users/sanctuary/mavenRepo/org/springframework/boot/spring-boot-starter-web/2.7.8/spring-boot-starter-web-2.7.8.jar:/Users/sanctuary/mavenRepo/org/springframework/boot/spring-boot-starter/2.7.8/spring-boot-starter-2.7.8.jar:/Users/sanctuary/mavenRepo/org/springframework/boot/spring-boot/2.7.8/spring-boot-2.7.8.jar:/Users/sanctuary/mavenRepo/org/springframework/boot/spring-boot-starter-logging/2.7.8/spring-boot-starter-logging-2.7.8.jar:/Users/sanctuary/mavenRepo/ch/qos/logback/logback-classic/1.2.11/logback-classic-1.2.11.jar:/Users/sanctuary/mavenRepo/ch/qos/logback/logback-core/1.2.11/logback-core-1.2.11.jar:/Users/sanctuary/mavenRepo/org/apache/logging/log4j/log4j-to-slf4j/2.17.2/log4j-to-slf4j-2.17.2.jar:/Users/sanctuary/mavenRepo/org/apache/logging/log4j/log4j-api/2.17.2/log4j-api-2.17.2.jar:/Users/sanctuary/mavenRepo/org/slf4j/jul-to-slf4j/1.7.36/jul-to-slf4j-1.7.36.jar:/Users/sanctuary/mavenRepo/jakarta/annotation/jakarta.annotation-api/1.3.5/jakarta.annotation-api-1.3.5.jar:/Users/sanctuary/mavenRepo/org/yaml/snakeyaml/1.30/snakeyaml-1.30.jar:/Users/sanctuary/mavenRepo/org/springframework/boot/spring-boot-starter-json/2.7.8/spring-boot-starter-json-2.7.8.jar:/Users/sanctuary/mavenRepo/com/fasterxml/jackson/datatype/jackson-datatype-jdk8/2.13.4/jackson-datatype-jdk8-2.13.4.jar:/Users/sanctuary/mavenRepo/com/fasterxml/jackson/datatype/jackson-datatype-jsr310/2.13.4/jackson-datatype-jsr310-2.13.4.jar:/Users/sanctuary/mavenRepo/com/fasterxml/jackson/module/jackson-module-parameter-names/2.13.4/jackson-module-parameter-names-2.13.4.jar:/Users/sanctuary/mavenRepo/org/springframework/boot/spring-boot-starter-tomcat/2.7.8/spring-boot-starter-tomcat-2.7.8.jar:/Users/sanctuary/mavenRepo/org/apache/tomcat/embed/tomcat-embed-core/9.0.71/tomcat-embed-core-9.0.71.jar:/Users/sanctuary/mavenRepo/org/apache/tomcat/embed/tomcat-embed-el/9.0.71/tomcat-embed-el-9.0.71.jar:/Users/sanctuary/mavenRepo/org/apache/tomcat/embed/tomcat-embed-websocket/9.0.71/tomcat-embed-websocket-9.0.71.jar:/Users/sanctuary/mavenRepo/org/springframework/spring-web/5.3.25/spring-web-5.3.25.jar:/Users/sanctuary/mavenRepo/org/springframework/spring-beans/5.3.25/spring-beans-5.3.25.jar:/Users/sanctuary/mavenRepo/org/springframework/spring-webmvc/5.3.25/spring-webmvc-5.3.25.jar:/Users/sanctuary/mavenRepo/org/springframework/spring-aop/5.3.25/spring-aop-5.3.25.jar:/Users/sanctuary/mavenRepo/org/springframework/spring-context/5.3.25/spring-context-5.3.25.jar:/Users/sanctuary/mavenRepo/org/springframework/spring-expression/5.3.25/spring-expression-5.3.25.jar:/Users/sanctuary/mavenRepo/mysql/mysql-connector-java/8.0.23/mysql-connector-java-8.0.23.jar:/Users/sanctuary/mavenRepo/com/google/protobuf/protobuf-java/3.11.4/protobuf-java-3.11.4.jar:/Users/sanctuary/mavenRepo/org/springframework/boot/spring-boot-configuration-processor/2.7.8/spring-boot-configuration-processor-2.7.8.jar:/Users/sanctuary/mavenRepo/org/projectlombok/lombok/1.18.24/lombok-1.18.24.jar:/Users/sanctuary/mavenRepo/org/springframework/boot/spring-boot-starter-test/2.7.8/spring-boot-starter-test-2.7.8.jar:/Users/sanctuary/mavenRepo/org/springframework/boot/spring-boot-test/2.7.8/spring-boot-test-2.7.8.jar:/Users/sanctuary/mavenRepo/org/springframework/boot/spring-boot-test-autoconfigure/2.7.8/spring-boot-test-autoconfigure-2.7.8.jar:/Users/sanctuary/mavenRepo/com/jayway/jsonpath/json-path/2.7.0/json-path-2.7.0.jar:/Users/sanctuary/mavenRepo/net/minidev/json-smart/2.4.8/json-smart-2.4.8.jar:/Users/sanctuary/mavenRepo/net/minidev/accessors-smart/2.4.8/accessors-smart-2.4.8.jar:/Users/sanctuary/mavenRepo/org/ow2/asm/asm/9.1/asm-9.1.jar:/Users/sanctuary/mavenRepo/jakarta/xml/bind/jakarta.xml.bind-api/2.3.3/jakarta.xml.bind-api-2.3.3.jar:/Users/sanctuary/mavenRepo/jakarta/activation/jakarta.activation-api/1.2.2/jakarta.activation-api-1.2.2.jar:/Users/sanctuary/mavenRepo/org/assertj/assertj-core/3.22.0/assertj-core-3.22.0.jar:/Users/sanctuary/mavenRepo/org/hamcrest/hamcrest/2.2/hamcrest-2.2.jar:/Users/sanctuary/mavenRepo/org/junit/jupiter/junit-jupiter/5.8.2/junit-jupiter-5.8.2.jar:/Users/sanctuary/mavenRepo/org/junit/jupiter/junit-jupiter-api/5.8.2/junit-jupiter-api-5.8.2.jar:/Users/sanctuary/mavenRepo/org/opentest4j/opentest4j/1.2.0/opentest4j-1.2.0.jar:/Users/sanctuary/mavenRepo/org/junit/platform/junit-platform-commons/1.8.2/junit-platform-commons-1.8.2.jar:/Users/sanctuary/mavenRepo/org/apiguardian/apiguardian-api/1.1.2/apiguardian-api-1.1.2.jar:/Users/sanctuary/mavenRepo/org/junit/jupiter/junit-jupiter-params/5.8.2/junit-jupiter-params-5.8.2.jar:/Users/sanctuary/mavenRepo/org/junit/jupiter/junit-jupiter-engine/5.8.2/junit-jupiter-engine-5.8.2.jar:/Users/sanctuary/mavenRepo/org/junit/platform/junit-platform-engine/1.8.2/junit-platform-engine-1.8.2.jar:/Users/sanctuary/mavenRepo/org/mockito/mockito-core/4.5.1/mockito-core-4.5.1.jar:/Users/sanctuary/mavenRepo/net/bytebuddy/byte-buddy-agent/1.12.22/byte-buddy-agent-1.12.22.jar:/Users/sanctuary/mavenRepo/org/objenesis/objenesis/3.2/objenesis-3.2.jar:/Users/sanctuary/mavenRepo/org/mockito/mockito-junit-jupiter/4.5.1/mockito-junit-jupiter-4.5.1.jar:/Users/sanctuary/mavenRepo/org/skyscreamer/jsonassert/1.5.1/jsonassert-1.5.1.jar:/Users/sanctuary/mavenRepo/com/vaadin/external/google/android-json/0.0.20131108.vaadin1/android-json-0.0.20131108.vaadin1.jar:/Users/sanctuary/mavenRepo/org/springframework/spring-core/5.3.25/spring-core-5.3.25.jar:/Users/sanctuary/mavenRepo/org/springframework/spring-jcl/5.3.25/spring-jcl-5.3.25.jar:/Users/sanctuary/mavenRepo/org/springframework/spring-test/5.3.25/spring-test-5.3.25.jar:/Users/sanctuary/mavenRepo/org/xmlunit/xmlunit-core/2.9.1/xmlunit-core-2.9.1.jar:/Users/sanctuary/mavenRepo/com/baomidou/mybatis-plus-boot-starter/3.5.1/mybatis-plus-boot-starter-3.5.1.jar:/Users/sanctuary/mavenRepo/com/baomidou/mybatis-plus/3.5.1/mybatis-plus-3.5.1.jar:/Users/sanctuary/mavenRepo/com/baomidou/mybatis-plus-extension/3.5.1/mybatis-plus-extension-3.5.1.jar:/Users/sanctuary/mavenRepo/com/baomidou/mybatis-plus-core/3.5.1/mybatis-plus-core-3.5.1.jar:/Users/sanctuary/mavenRepo/com/baomidou/mybatis-plus-annotation/3.5.1/mybatis-plus-annotation-3.5.1.jar:/Users/sanctuary/mavenRepo/com/github/jsqlparser/jsqlparser/4.3/jsqlparser-4.3.jar:/Users/sanctuary/mavenRepo/org/mybatis/mybatis/3.5.9/mybatis-3.5.9.jar:/Users/sanctuary/mavenRepo/org/mybatis/mybatis-spring/2.0.6/mybatis-spring-2.0.6.jar:/Users/sanctuary/mavenRepo/org/springframework/boot/spring-boot-autoconfigure/2.7.8/spring-boot-autoconfigure-2.7.8.jar:/Users/sanctuary/mavenRepo/org/springframework/boot/spring-boot-starter-jdbc/2.7.8/spring-boot-starter-jdbc-2.7.8.jar:/Users/sanctuary/mavenRepo/com/zaxxer/HikariCP/4.0.3/HikariCP-4.0.3.jar:/Users/sanctuary/mavenRepo/org/springframework/spring-jdbc/5.3.25/spring-jdbc-5.3.25.jar:/Users/sanctuary/mavenRepo/com/baomidou/mybatis-plus-generator/3.5.1/mybatis-plus-generator-3.5.1.jar:/Users/sanctuary/mavenRepo/io/jsonwebtoken/jjwt/0.9.0/jjwt-0.9.0.jar:/Users/sanctuary/mavenRepo/com/alibaba/fastjson/1.2.67/fastjson-1.2.67.jar:/Users/sanctuary/mavenRepo/com/google/code/gson/gson/2.8.5/gson-2.8.5.jar:/Users/sanctuary/mavenRepo/org/java-websocket/Java-WebSocket/1.3.8/Java-WebSocket-1.3.8.jar:/Users/sanctuary/mavenRepo/com/squareup/okhttp3/okhttp/4.12.0/okhttp-4.12.0.jar:/Users/sanctuary/mavenRepo/org/jetbrains/kotlin/kotlin-stdlib-jdk8/1.6.21/kotlin-stdlib-jdk8-1.6.21.jar:/Users/sanctuary/mavenRepo/org/jetbrains/kotlin/kotlin-stdlib-jdk7/1.6.21/kotlin-stdlib-jdk7-1.6.21.jar:/Users/sanctuary/mavenRepo/com/squareup/okio/okio/2.10.0/okio-2.10.0.jar:/Users/sanctuary/mavenRepo/org/jetbrains/kotlin/kotlin-stdlib/1.6.21/kotlin-stdlib-1.6.21.jar:/Users/sanctuary/mavenRepo/org/jetbrains/kotlin/kotlin-stdlib-common/1.6.21/kotlin-stdlib-common-1.6.21.jar:/Users/sanctuary/mavenRepo/cn/hutool/hutool-all/5.8.11/hutool-all-5.8.11.jar:/Users/sanctuary/mavenRepo/com/github/xiaoymin/knife4j-openapi2-spring-boot-starter/4.0.0/knife4j-openapi2-spring-boot-starter-4.0.0.jar:/Users/sanctuary/mavenRepo/com/github/xiaoymin/knife4j-core/4.0.0/knife4j-core-4.0.0.jar:/Users/sanctuary/mavenRepo/com/github/xiaoymin/knife4j-openapi2-ui/4.0.0/knife4j-openapi2-ui-4.0.0.jar:/Users/sanctuary/mavenRepo/org/javassist/javassist/3.25.0-GA/javassist-3.25.0-GA.jar:/Users/sanctuary/mavenRepo/io/springfox/springfox-swagger2/2.10.5/springfox-swagger2-2.10.5.jar:/Users/sanctuary/mavenRepo/io/springfox/springfox-spi/2.10.5/springfox-spi-2.10.5.jar:/Users/sanctuary/mavenRepo/io/springfox/springfox-core/2.10.5/springfox-core-2.10.5.jar:/Users/sanctuary/mavenRepo/io/springfox/springfox-schema/2.10.5/springfox-schema-2.10.5.jar:/Users/sanctuary/mavenRepo/io/springfox/springfox-swagger-common/2.10.5/springfox-swagger-common-2.10.5.jar:/Users/sanctuary/mavenRepo/io/springfox/springfox-spring-web/2.10.5/springfox-spring-web-2.10.5.jar:/Users/sanctuary/mavenRepo/io/github/classgraph/classgraph/4.1.7/classgraph-4.1.7.jar:/Users/sanctuary/mavenRepo/com/fasterxml/classmate/1.5.1/classmate-1.5.1.jar:/Users/sanctuary/mavenRepo/org/springframework/plugin/spring-plugin-core/2.0.0.RELEASE/spring-plugin-core-2.0.0.RELEASE.jar:/Users/sanctuary/mavenRepo/org/springframework/plugin/spring-plugin-metadata/2.0.0.RELEASE/spring-plugin-metadata-2.0.0.RELEASE.jar:/Users/sanctuary/mavenRepo/org/mapstruct/mapstruct/1.3.1.Final/mapstruct-1.3.1.Final.jar:/Users/sanctuary/mavenRepo/io/swagger/swagger-models/1.6.6/swagger-models-1.6.6.jar:/Users/sanctuary/mavenRepo/io/swagger/swagger-annotations/1.6.6/swagger-annotations-1.6.6.jar:/Users/sanctuary/mavenRepo/io/springfox/springfox-bean-validators/2.10.5/springfox-bean-validators-2.10.5.jar:/Users/sanctuary/mavenRepo/io/springfox/springfox-spring-webmvc/2.10.5/springfox-spring-webmvc-2.10.5.jar:/Users/sanctuary/mavenRepo/org/jsoup/jsoup/1.15.3/jsoup-1.15.3.jar:/Users/sanctuary/mavenRepo/org/apache/commons/commons-lang3/3.12.0/commons-lang3-3.12.0.jar:/Users/sanctuary/mavenRepo/com/alibaba/easyexcel/3.1.1/easyexcel-3.1.1.jar:/Users/sanctuary/mavenRepo/com/alibaba/easyexcel-core/3.1.1/easyexcel-core-3.1.1.jar:/Users/sanctuary/mavenRepo/com/alibaba/easyexcel-support/3.1.1/easyexcel-support-3.1.1.jar:/Users/sanctuary/mavenRepo/org/apache/poi/poi/4.1.2/poi-4.1.2.jar:/Users/sanctuary/mavenRepo/commons-codec/commons-codec/1.15/commons-codec-1.15.jar:/Users/sanctuary/mavenRepo/org/apache/commons/commons-collections4/4.4/commons-collections4-4.4.jar:/Users/sanctuary/mavenRepo/com/zaxxer/SparseBitSet/1.2/SparseBitSet-1.2.jar:/Users/sanctuary/mavenRepo/org/apache/poi/poi-ooxml/4.1.2/poi-ooxml-4.1.2.jar:/Users/sanctuary/mavenRepo/org/apache/commons/commons-compress/1.19/commons-compress-1.19.jar:/Users/sanctuary/mavenRepo/com/github/virtuald/curvesapi/1.06/curvesapi-1.06.jar:/Users/sanctuary/mavenRepo/org/apache/poi/poi-ooxml-schemas/4.1.2/poi-ooxml-schemas-4.1.2.jar:/Users/sanctuary/mavenRepo/org/apache/xmlbeans/xmlbeans/3.1.0/xmlbeans-3.1.0.jar:/Users/sanctuary/mavenRepo/org/apache/commons/commons-csv/1.8/commons-csv-1.8.jar:/Users/sanctuary/mavenRepo/org/ehcache/ehcache/3.10.8/ehcache-3.10.8.jar:/Users/sanctuary/mavenRepo/org/glassfish/jaxb/jaxb-runtime/2.3.7/jaxb-runtime-2.3.7.jar:/Users/sanctuary/mavenRepo/org/glassfish/jaxb/txw2/2.3.7/txw2-2.3.7.jar:/Users/sanctuary/mavenRepo/com/sun/istack/istack-commons-runtime/3.0.12/istack-commons-runtime-3.0.12.jar:/Users/sanctuary/mavenRepo/com/sun/activation/jakarta.activation/1.2.2/jakarta.activation-1.2.2.jar:/Users/sanctuary/mavenRepo/org/slf4j/slf4j-api/1.7.36/slf4j-api-1.7.36.jar:/Users/sanctuary/mavenRepo/com/yucongming/yucongming-java-sdk/0.0.3/yucongming-java-sdk-0.0.3.jar:/Users/sanctuary/mavenRepo/com/google/guava/guava/30.1-jre/guava-30.1-jre.jar:/Users/sanctuary/mavenRepo/com/google/guava/failureaccess/1.0.1/failureaccess-1.0.1.jar:/Users/sanctuary/mavenRepo/com/google/guava/listenablefuture/9999.0-empty-to-avoid-conflict-with-guava/listenablefuture-9999.0-empty-to-avoid-conflict-with-guava.jar:/Users/sanctuary/mavenRepo/com/google/code/findbugs/jsr305/3.0.2/jsr305-3.0.2.jar:/Users/sanctuary/mavenRepo/org/checkerframework/checker-qual/3.5.0/checker-qual-3.5.0.jar:/Users/sanctuary/mavenRepo/com/google/errorprone/error_prone_annotations/2.3.4/error_prone_annotations-2.3.4.jar:/Users/sanctuary/mavenRepo/com/google/j2objc/j2objc-annotations/1.3/j2objc-annotations-1.3.jar:/Users/sanctuary/mavenRepo/org/redisson/redisson/3.21.3/redisson-3.21.3.jar:/Users/sanctuary/mavenRepo/io/netty/netty-common/4.1.87.Final/netty-common-4.1.87.Final.jar:/Users/sanctuary/mavenRepo/io/netty/netty-codec/4.1.87.Final/netty-codec-4.1.87.Final.jar:/Users/sanctuary/mavenRepo/io/netty/netty-buffer/4.1.87.Final/netty-buffer-4.1.87.Final.jar:/Users/sanctuary/mavenRepo/io/netty/netty-transport/4.1.87.Final/netty-transport-4.1.87.Final.jar:/Users/sanctuary/mavenRepo/io/netty/netty-resolver/4.1.87.Final/netty-resolver-4.1.87.Final.jar:/Users/sanctuary/mavenRepo/io/netty/netty-resolver-dns/4.1.87.Final/netty-resolver-dns-4.1.87.Final.jar:/Users/sanctuary/mavenRepo/io/netty/netty-codec-dns/4.1.87.Final/netty-codec-dns-4.1.87.Final.jar:/Users/sanctuary/mavenRepo/io/netty/netty-handler/4.1.87.Final/netty-handler-4.1.87.Final.jar:/Users/sanctuary/mavenRepo/io/netty/netty-transport-native-unix-common/4.1.87.Final/netty-transport-native-unix-common-4.1.87.Final.jar:/Users/sanctuary/mavenRepo/javax/cache/cache-api/1.1.1/cache-api-1.1.1.jar:/Users/sanctuary/mavenRepo/io/projectreactor/reactor-core/3.4.26/reactor-core-3.4.26.jar:/Users/sanctuary/mavenRepo/org/reactivestreams/reactive-streams/1.0.4/reactive-streams-1.0.4.jar:/Users/sanctuary/mavenRepo/io/reactivex/rxjava3/rxjava/3.1.6/rxjava-3.1.6.jar:/Users/sanctuary/mavenRepo/org/jboss/marshalling/jboss-marshalling/2.0.11.Final/jboss-marshalling-2.0.11.Final.jar:/Users/sanctuary/mavenRepo/org/jboss/marshalling/jboss-marshalling-river/2.0.11.Final/jboss-marshalling-river-2.0.11.Final.jar:/Users/sanctuary/mavenRepo/com/esotericsoftware/kryo/5.5.0/kryo-5.5.0.jar:/Users/sanctuary/mavenRepo/com/esotericsoftware/reflectasm/1.11.9/reflectasm-1.11.9.jar:/Users/sanctuary/mavenRepo/com/esotericsoftware/minlog/1.3.1/minlog-1.3.1.jar:/Users/sanctuary/mavenRepo/com/fasterxml/jackson/core/jackson-annotations/2.13.4/jackson-annotations-2.13.4.jar:/Users/sanctuary/mavenRepo/com/fasterxml/jackson/dataformat/jackson-dataformat-yaml/2.13.4/jackson-dataformat-yaml-2.13.4.jar:/Users/sanctuary/mavenRepo/com/fasterxml/jackson/core/jackson-core/2.13.4/jackson-core-2.13.4.jar:/Users/sanctuary/mavenRepo/net/bytebuddy/byte-buddy/1.12.22/byte-buddy-1.12.22.jar:/Users/sanctuary/mavenRepo/org/jodd/jodd-bean/5.1.6/jodd-bean-5.1.6.jar:/Users/sanctuary/mavenRepo/org/jodd/jodd-core/5.1.6/jodd-core-5.1.6.jar:/Users/sanctuary/mavenRepo/com/fasterxml/jackson/core/jackson-databind/2.12.7/jackson-databind-2.12.7.jar:/Users/sanctuary/mavenRepo/com/aliyun/broadscope-bailian-sdk-java/1.1.7/broadscope-bailian-sdk-java-1.1.7.jar:/Users/sanctuary/mavenRepo/com/aliyun/bailian20230601/1.1.2/bailian20230601-1.1.2.jar:/Users/sanctuary/mavenRepo/com/aliyun/tea-util/0.2.20/tea-util-0.2.20.jar:/Users/sanctuary/mavenRepo/com/aliyun/tea-openapi/0.2.8/tea-openapi-0.2.8.jar:/Users/sanctuary/mavenRepo/com/aliyun/credentials-java/0.2.4/credentials-java-0.2.4.jar:/Users/sanctuary/mavenRepo/org/ini4j/ini4j/0.5.4/ini4j-0.5.4.jar:/Users/sanctuary/mavenRepo/javax/xml/bind/jaxb-api/2.3.1/jaxb-api-2.3.1.jar:/Users/sanctuary/mavenRepo/javax/activation/javax.activation-api/1.2.0/javax.activation-api-1.2.0.jar:/Users/sanctuary/mavenRepo/com/sun/xml/bind/jaxb-core/2.3.0/jaxb-core-2.3.0.jar:/Users/sanctuary/mavenRepo/com/sun/xml/bind/jaxb-impl/2.3.0/jaxb-impl-2.3.0.jar:/Users/sanctuary/mavenRepo/com/aliyun/alibabacloud-gateway-spi/0.0.1/alibabacloud-gateway-spi-0.0.1.jar:/Users/sanctuary/mavenRepo/com/aliyun/tea-xml/0.1.5/tea-xml-0.1.5.jar:/Users/sanctuary/mavenRepo/org/dom4j/dom4j/2.0.3/dom4j-2.0.3.jar:/Users/sanctuary/mavenRepo/org/jacoco/org.jacoco.agent/0.8.4/org.jacoco.agent-0.8.4-runtime.jar:/Users/sanctuary/mavenRepo/com/aliyun/openapiutil/0.2.1/openapiutil-0.2.1.jar:/Users/sanctuary/mavenRepo/org/bouncycastle/bcpkix-jdk15on/1.70/bcpkix-jdk15on-1.70.jar:/Users/sanctuary/mavenRepo/org/bouncycastle/bcprov-jdk15on/1.70/bcprov-jdk15on-1.70.jar:/Users/sanctuary/mavenRepo/org/bouncycastle/bcutil-jdk15on/1.70/bcutil-jdk15on-1.70.jar:/Users/sanctuary/mavenRepo/com/aliyun/endpoint-util/0.0.7/endpoint-util-0.0.7.jar:/Users/sanctuary/mavenRepo/com/aliyun/tea/1.2.7/tea-1.2.7.jar:/Users/sanctuary/mavenRepo/com/squareup/okhttp3/okhttp-sse/4.9.3/okhttp-sse-4.9.3.jar:/Users/sanctuary/mavenRepo/org/jetbrains/annotations/23.0.0/annotations-23.0.0.jar:/Users/sanctuary/mavenRepo/org/springframework/boot/spring-boot-starter-data-redis/2.7.8/spring-boot-starter-data-redis-2.7.8.jar:/Users/sanctuary/mavenRepo/org/springframework/data/spring-data-redis/2.7.7/spring-data-redis-2.7.7.jar:/Users/sanctuary/mavenRepo/org/springframework/data/spring-data-keyvalue/2.7.7/spring-data-keyvalue-2.7.7.jar:/Users/sanctuary/mavenRepo/org/springframework/data/spring-data-commons/2.7.7/spring-data-commons-2.7.7.jar:/Users/sanctuary/mavenRepo/org/springframework/spring-tx/5.3.25/spring-tx-5.3.25.jar:/Users/sanctuary/mavenRepo/org/springframework/spring-oxm/5.3.25/spring-oxm-5.3.25.jar:/Users/sanctuary/mavenRepo/org/springframework/spring-context-support/5.3.25/spring-context-support-5.3.25.jar:/Users/sanctuary/mavenRepo/io/lettuce/lettuce-core/6.1.10.RELEASE/lettuce-core-6.1.10.RELEASE.jar:/Users/sanctuary/mavenRepo/org/apache/commons/commons-pool2/2.11.1/commons-pool2-2.11.1.jar:/Users/sanctuary/mavenRepo/org/springframework/boot/spring-boot-starter-websocket/2.7.8/spring-boot-starter-websocket-2.7.8.jar:/Users/sanctuary/mavenRepo/org/springframework/spring-messaging/5.3.25/spring-messaging-5.3.25.jar:/Users/sanctuary/mavenRepo/org/springframework/spring-websocket/5.3.25/spring-websocket-5.3.25.jar:/Users/sanctuary/mavenRepo/org/openjdk/jmh/jmh-core/1.23/jmh-core-1.23.jar:/Users/sanctuary/mavenRepo/net/sf/jopt-simple/jopt-simple/4.6/jopt-simple-4.6.jar:/Users/sanctuary/mavenRepo/org/apache/commons/commons-math3/3.2/commons-math3-3.2.jar:/Users/sanctuary/mavenRepo/org/openjdk/jmh/jmh-generator-annprocess/1.23/jmh-generator-annprocess-1.23.jar:/Users/sanctuary/mavenRepo/com/theokanning/openai-gpt3-java/client/0.12.0/client-0.12.0.jar:/Users/sanctuary/mavenRepo/com/theokanning/openai-gpt3-java/api/0.12.0/api-0.12.0.jar:/Users/sanctuary/mavenRepo/com/squareup/retrofit2/retrofit/2.9.0/retrofit-2.9.0.jar:/Users/sanctuary/mavenRepo/com/squareup/retrofit2/adapter-rxjava2/2.9.0/adapter-rxjava2-2.9.0.jar:/Users/sanctuary/mavenRepo/com/squareup/retrofit2/converter-jackson/2.9.0/converter-jackson-2.9.0.jar:/Users/sanctuary/mavenRepo/com/alibaba/dashscope-sdk-java/2.15.1/dashscope-sdk-java-2.15.1.jar:/Users/sanctuary/mavenRepo/io/reactivex/rxjava2/rxjava/2.2.21/rxjava-2.2.21.jar:/Users/sanctuary/mavenRepo/org/slf4j/slf4j-simple/1.7.36/slf4j-simple-1.7.36.jar:/Users/sanctuary/mavenRepo/com/squareup/okhttp3/logging-interceptor/4.9.3/logging-interceptor-4.9.3.jar:/Users/sanctuary/mavenRepo/com/github/victools/jsonschema-generator/4.31.1/jsonschema-generator-4.31.1.jar:/Users/sanctuary/mavenRepo/com/openai/openai-java/0.32.0/openai-java-0.32.0.jar:/Users/sanctuary/mavenRepo/com/openai/openai-java-client-okhttp/0.32.0/openai-java-client-okhttp-0.32.0.jar:/Users/sanctuary/mavenRepo/com/openai/openai-java-core/0.32.0/openai-java-core-0.32.0.jar:/Users/sanctuary/mavenRepo/com/fasterxml/jackson/module/jackson-module-kotlin/2.13.4/jackson-module-kotlin-2.13.4.jar:/Users/sanctuary/mavenRepo/org/jetbrains/kotlin/kotlin-reflect/1.6.21/kotlin-reflect-1.6.21.jar:/Users/sanctuary/mavenRepo/org/apache/httpcomponents/core5/httpcore5/5.1.5/httpcore5-5.1.5.jar:/Users/sanctuary/mavenRepo/org/apache/httpcomponents/client5/httpclient5/5.1.4/httpclient5-5.1.4.jar:/Users/sanctuary/mavenRepo/org/apache/httpcomponents/core5/httpcore5-h2/5.1.5/httpcore5-h2-5.1.5.jar:/Users/sanctuary/mavenRepo/junit/junit/4.13.2/junit-4.13.2.jar:/Users/sanctuary/mavenRepo/org/hamcrest/hamcrest-core/2.2/hamcrest-core-2.2.jar:"/>
    <property name="sun.cpu.endian" value="little"/>
    <property name="user.home" value="/Users/sanctuary"/>
    <property name="user.language" value="en"/>
    <property name="java.specification.vendor" value="Oracle Corporation"/>
    <property name="java.version.date" value="2022-01-18"/>
    <property name="java.home" value="/Library/Java/JavaVirtualMachines/temurin-17.jdk/Contents/Home"/>
    <property name="file.separator" value="/"/>
    <property name="basedir" value="/Users/sanctuary/IdeaProjects/vue_-book-manage-system_backend"/>
    <property name="java.vm.compressedOopsMode" value="Zero based"/>
    <property name="line.separator" value="&#10;"/>
    <property name="java.vm.specification.vendor" value="Oracle Corporation"/>
    <property name="java.specification.name" value="Java Platform API Specification"/>
    <property name="surefire.real.class.path" value="/Users/sanctuary/IdeaProjects/vue_-book-manage-system_backend/target/surefire/surefirebooter8891505116522323178.jar"/>
    <property name="sun.management.compiler" value="HotSpot 64-Bit Tiered Compilers"/>
    <property name="java.runtime.version" value="17.0.2+8"/>
    <property name="user.name" value="sanctuary"/>
    <property name="path.separator" value=":"/>
    <property name="os.version" value="11.6.4"/>
    <property name="java.runtime.name" value="OpenJDK Runtime Environment"/>
    <property name="file.encoding" value="UTF-8"/>
    <property name="java.vm.name" value="OpenJDK 64-Bit Server VM"/>
    <property name="java.vendor.version" value="Temurin-17.0.2+8"/>
    <property name="localRepository" value="/Users/sanctuary/mavenRepo"/>
    <property name="java.vendor.url.bug" value="https://github.com/adoptium/adoptium-support/issues"/>
    <property name="java.io.tmpdir" value="/var/folders/yj/7xm0_bpn2rzbqc6vbtpw7mgw0000gn/T/"/>
    <property name="java.version" value="17.0.2"/>
    <property name="user.dir" value="/Users/sanctuary/IdeaProjects/vue_-book-manage-system_backend"/>
    <property name="os.arch" value="x86_64"/>
    <property name="java.vm.specification.name" value="Java Virtual Machine Specification"/>
    <property name="native.encoding" value="UTF-8"/>
    <property name="java.library.path" value="/Users/sanctuary/Library/Java/Extensions:/Library/Java/Extensions:/Network/Library/Java/Extensions:/System/Library/Java/Extensions:/usr/lib/java:."/>
    <property name="java.vm.info" value="mixed mode, sharing"/>
    <property name="java.vendor" value="Eclipse Adoptium"/>
    <property name="java.vm.version" value="17.0.2+8"/>
    <property name="sun.io.unicode.encoding" value="UnicodeBig"/>
    <property name="java.class.version" value="61.0"/>
  </properties>
  <testcase name="chatSyncTest" classname="com.book.backend.SparkClientTest" time="1.743"/>
  <testcase name="chatStreamTest" classname="com.book.backend.SparkClientTest" time="60.011"/>
  <testcase name="functionCallTest" classname="com.book.backend.SparkClientTest" time="1.448">
    <error message="Expected HTTP 101 response but was &apos;401 Unauthorized&apos;" type="com.book.backend.manager.exception.SparkException">com.book.backend.manager.exception.SparkException: Expected HTTP 101 response but was '401 Unauthorized'
	at com.book.backend.SparkClientTest.functionCallTest(SparkClientTest.java:145)
</error>
    <system-out><![CDATA[request：{"header":{},"parameter":{"chat":{"domain":"generalv3"}},"payload":{"message":{"text":[{"role":"user","content":"科大讯飞的最新股票价格是多少"}]},"functions":{"text":[{"name":"stockPrice","description":"根据公司名称查询最新股票价格","parameters":{"type":"object","properties":{"companyName":{"type":"string","description":"公司名称"}},"required":["companyName"]}}]}}}
2025-05-03 15:38:41.486 ERROR 37561 --- [.xf-yun.com/...] c.b.b.m.listener.SparkSyncChatListener   : 讯飞星火api发生异常

java.net.ProtocolException: Expected HTTP 101 response but was '401 Unauthorized'
	at okhttp3.internal.ws.RealWebSocket.checkUpgradeSuccess$okhttp(RealWebSocket.kt:224) ~[okhttp-4.12.0.jar:na]
	at okhttp3.internal.ws.RealWebSocket$connect$1.onResponse(RealWebSocket.kt:170) ~[okhttp-4.12.0.jar:na]
	at okhttp3.internal.connection.RealCall$AsyncCall.run(RealCall.kt:519) ~[okhttp-4.12.0.jar:na]
	at java.base/java.util.concurrent.ThreadPoolExecutor.runWorker(ThreadPoolExecutor.java:1136) ~[na:na]
	at java.base/java.util.concurrent.ThreadPoolExecutor$Worker.run(ThreadPoolExecutor.java:635) ~[na:na]
	at java.base/java.lang.Thread.run(Thread.java:833) ~[na:na]

]]></system-out>
  </testcase>
</testsuite>